This file contains any messages produced by compilers while
running configure, to aid debugging if configure makes a mistake.

It was created by jansson configure 2.2, which was
generated by GNU Autoconf 2.67.  Invocation command line was

  $ ./configure 

## --------- ##
## Platform. ##
## --------- ##

hostname = Iann-2.local
uname -m = x86_64
uname -r = 11.2.0
uname -s = Darwin
uname -v = Darwin Kernel Version 11.2.0: Tue Aug  9 20:54:00 PDT 2011; root:xnu-1699.24.8~1/RELEASE_X86_64

/usr/bin/uname -p = i386
/bin/uname -X     = unknown

/bin/arch              = unknown
/usr/bin/arch -k       = unknown
/usr/convex/getsysinfo = unknown
/usr/bin/hostinfo      = Mach kernel version:
	 Darwin Kernel Version 11.2.0: Tue Aug  9 20:54:00 PDT 2011; root:xnu-1699.24.8~1/RELEASE_X86_64
Kernel configured for up to 2 processors.
2 processors are physically available.
2 processors are logically available.
Processor type: i486 (Intel 80486)
Processors active: 0 1
Primary memory available: 4.00 gigabytes
Default processor set: 158 tasks, 828 threads, 2 processors
Load average: 2.03, Mach factor: 0.58
/bin/machine           = unknown
/usr/bin/oslevel       = unknown
/bin/universe          = unknown

PATH: /Users/ivonascimento/Projeto/go/bin
PATH: /opt/local/bin
PATH: /opt/local/sbin
PATH: /opt/local/bin
PATH: /opt/local/sbin
PATH: /sw/bin
PATH: /sw/sbin
PATH: /opt/local/bin
PATH: /opt/local/sbin
PATH: /usr/bin
PATH: /bin
PATH: /usr/sbin
PATH: /sbin
PATH: /usr/local/bin
PATH: /usr/X11/bin
PATH: /usr/X11R6/bin


## ----------- ##
## Core tests. ##
## ----------- ##

configure:2336: checking for a BSD-compatible install
configure:2404: result: /usr/bin/install -c
configure:2415: checking whether build environment is sane
configure:2465: result: yes
configure:2606: checking for a thread-safe mkdir -p
configure:2645: result: ./install-sh -c -d
configure:2658: checking for gawk
configure:2674: found /opt/local/bin/gawk
configure:2685: result: gawk
configure:2696: checking whether make sets $(MAKE)
configure:2718: result: yes
configure:2852: checking for gcc
configure:2868: found /usr/bin/gcc
configure:2879: result: gcc
configure:3108: checking for C compiler version
configure:3117: gcc --version >&5
i686-apple-darwin11-llvm-gcc-4.2 (GCC) 4.2.1 (Based on Apple Inc. build 5658) (LLVM build 2335.15.00)
Copyright (C) 2007 Free Software Foundation, Inc.
This is free software; see the source for copying conditions.  There is NO
warranty; not even for MERCHANTABILITY or FITNESS FOR A PARTICULAR PURPOSE.

configure:3128: $? = 0
configure:3117: gcc -v >&5
Using built-in specs.
Target: i686-apple-darwin11
Configured with: /private/var/tmp/llvmgcc42/llvmgcc42-2335.15~25/src/configure --disable-checking --enable-werror --prefix=/Developer/usr/llvm-gcc-4.2 --mandir=/share/man --enable-languages=c,objc,c++,obj-c++ --program-prefix=llvm- --program-transform-name=/^[cg][^.-]*$/s/$/-4.2/ --with-slibdir=/usr/lib --build=i686-apple-darwin11 --enable-llvm=/private/var/tmp/llvmgcc42/llvmgcc42-2335.15~25/dst-llvmCore/Developer/usr/local --program-prefix=i686-apple-darwin11- --host=x86_64-apple-darwin11 --target=i686-apple-darwin11 --with-gxx-include-dir=/usr/include/c++/4.2.1
Thread model: posix
gcc version 4.2.1 (Based on Apple Inc. build 5658) (LLVM build 2335.15.00)
configure:3128: $? = 0
configure:3117: gcc -V >&5
llvm-gcc-4.2: argument to `-V' is missing
configure:3128: $? = 1
configure:3117: gcc -qversion >&5
i686-apple-darwin11-llvm-gcc-4.2: no input files
configure:3128: $? = 1
configure:3148: checking whether the C compiler works
configure:3170: gcc    conftest.c  >&5
configure:3174: $? = 0
configure:3222: result: yes
configure:3225: checking for C compiler default output file name
configure:3227: result: a.out
configure:3233: checking for suffix of executables
configure:3240: gcc -o conftest    conftest.c  >&5
configure:3244: $? = 0
configure:3266: result: 
configure:3288: checking whether we are cross compiling
configure:3296: gcc -o conftest    conftest.c  >&5
configure:3300: $? = 0
configure:3307: ./conftest
configure:3311: $? = 0
configure:3326: result: no
configure:3331: checking for suffix of object files
configure:3353: gcc -c   conftest.c >&5
configure:3357: $? = 0
configure:3378: result: o
configure:3382: checking whether we are using the GNU C compiler
configure:3401: gcc -c   conftest.c >&5
configure:3401: $? = 0
configure:3410: result: yes
configure:3419: checking whether gcc accepts -g
configure:3439: gcc -c -g  conftest.c >&5
configure:3439: $? = 0
configure:3480: result: yes
configure:3497: checking for gcc option to accept ISO C89
configure:3561: gcc  -c -g -O2  conftest.c >&5
configure:3561: $? = 0
configure:3574: result: none needed
configure:3605: checking for style of include used by make
configure:3633: result: GNU
configure:3658: checking dependency style of gcc
configure:3768: result: gcc3
configure:3812: checking build system type
configure:3826: result: x86_64-apple-darwin11.2.0
configure:3846: checking host system type
configure:3859: result: x86_64-apple-darwin11.2.0
configure:3879: checking for a sed that does not truncate output
configure:3943: result: /opt/local/bin/gsed
configure:3961: checking for grep that handles long lines and -e
configure:4019: result: /usr/bin/grep
configure:4024: checking for egrep
configure:4086: result: /usr/bin/grep -E
configure:4091: checking for fgrep
configure:4153: result: /usr/bin/grep -F
configure:4188: checking for ld used by gcc
configure:4255: result: /usr/llvm-gcc-4.2/libexec/gcc/i686-apple-darwin11/4.2.1/ld
configure:4262: checking if the linker (/usr/llvm-gcc-4.2/libexec/gcc/i686-apple-darwin11/4.2.1/ld) is GNU ld
configure:4277: result: no
configure:4289: checking for BSD- or MS-compatible name lister (nm)
configure:4338: result: /usr/bin/nm
configure:4456: checking the name lister (/usr/bin/nm) interface
configure:4463: gcc -c -g -O2  conftest.c >&5
configure:4466: /usr/bin/nm "conftest.o"
configure:4469: output
00000000000001b8 S _some_variable
configure:4476: result: BSD nm
configure:4479: checking whether ln -s works
configure:4483: result: yes
configure:4491: checking the maximum length of command line arguments
configure:4611: result: 196608
configure:4628: checking whether the shell understands some XSI constructs
configure:4638: result: yes
configure:4642: checking whether the shell understands "+="
configure:4648: result: yes
configure:4683: checking for /usr/llvm-gcc-4.2/libexec/gcc/i686-apple-darwin11/4.2.1/ld option to reload object files
configure:4690: result: -r
configure:4759: checking for objdump
configure:4789: result: no
configure:4818: checking how to recognize dependent libraries
configure:5014: result: pass_all
configure:5074: checking for ar
configure:5090: found /usr/bin/ar
configure:5101: result: ar
configure:5179: checking for strip
configure:5195: found /usr/bin/strip
configure:5206: result: strip
configure:5278: checking for ranlib
configure:5294: found /usr/bin/ranlib
configure:5305: result: ranlib
configure:5395: checking command to parse /usr/bin/nm output from gcc object
configure:5513: gcc -c -g -O2  conftest.c >&5
configure:5516: $? = 0
configure:5520: /usr/bin/nm conftest.o \| sed -n -e 's/^.*[	 ]\([BCDEGRST][BCDEGRST]*\)[	 ][	 ]*\([_A-Za-z][_A-Za-z0-9]*\)$/\1 \2 \2/p' \> conftest.nm
configure:5523: $? = 0
cannot find nm_test_var in conftest.nm
configure:5513: gcc -c -g -O2  conftest.c >&5
configure:5516: $? = 0
configure:5520: /usr/bin/nm conftest.o \| sed -n -e 's/^.*[	 ]\([BCDEGRST][BCDEGRST]*\)[	 ][	 ]*_\([_A-Za-z][_A-Za-z0-9]*\)$/\1 _\2 \2/p' \> conftest.nm
configure:5523: $? = 0
configure:5577: gcc -o conftest -g -O2   conftest.c conftstm.o >&5
configure:5580: $? = 0
configure:5618: result: ok
configure:5883: checking for dsymutil
configure:5899: found /usr/bin/dsymutil
configure:5910: result: dsymutil
configure:5975: checking for nmedit
configure:5991: found /usr/bin/nmedit
configure:6002: result: nmedit
configure:6067: checking for lipo
configure:6083: found /usr/bin/lipo
configure:6094: result: lipo
configure:6159: checking for otool
configure:6175: found /usr/bin/otool
configure:6186: result: otool
configure:6251: checking for otool64
configure:6281: result: no
configure:6326: checking for -single_module linker flag
gcc -g -O2  -o libconftest.dylib -dynamiclib -Wl,-single_module conftest.c
configure:6353: result: yes
configure:6355: checking for -exported_symbols_list linker flag
configure:6375: gcc -o conftest -g -O2   -Wl,-exported_symbols_list,conftest.sym conftest.c  >&5
configure:6375: $? = 0
configure:6385: result: yes
configure:6427: checking how to run the C preprocessor
configure:6458: gcc -E  conftest.c
configure:6458: $? = 0
configure:6472: gcc -E  conftest.c
conftest.c:11:28: error: ac_nonexistent.h: No such file or directory
configure:6472: $? = 1
configure: failed program was:
| /* confdefs.h */
| #define PACKAGE_NAME "jansson"
| #define PACKAGE_TARNAME "jansson"
| #define PACKAGE_VERSION "2.2"
| #define PACKAGE_STRING "jansson 2.2"
| #define PACKAGE_BUGREPORT "petri@digip.org"
| #define PACKAGE_URL ""
| #define PACKAGE "jansson"
| #define VERSION "2.2"
| /* end confdefs.h.  */
| #include <ac_nonexistent.h>
configure:6497: result: gcc -E
configure:6517: gcc -E  conftest.c
configure:6517: $? = 0
configure:6531: gcc -E  conftest.c
conftest.c:11:28: error: ac_nonexistent.h: No such file or directory
configure:6531: $? = 1
configure: failed program was:
| /* confdefs.h */
| #define PACKAGE_NAME "jansson"
| #define PACKAGE_TARNAME "jansson"
| #define PACKAGE_VERSION "2.2"
| #define PACKAGE_STRING "jansson 2.2"
| #define PACKAGE_BUGREPORT "petri@digip.org"
| #define PACKAGE_URL ""
| #define PACKAGE "jansson"
| #define VERSION "2.2"
| /* end confdefs.h.  */
| #include <ac_nonexistent.h>
configure:6560: checking for ANSI C header files
configure:6580: gcc -c -g -O2  conftest.c >&5
configure:6580: $? = 0
configure:6653: gcc -o conftest -g -O2   conftest.c  >&5
configure:6653: $? = 0
configure:6653: ./conftest
configure:6653: $? = 0
configure:6664: result: yes
configure:6677: checking for sys/types.h
configure:6677: gcc -c -g -O2  conftest.c >&5
configure:6677: $? = 0
configure:6677: result: yes
configure:6677: checking for sys/stat.h
configure:6677: gcc -c -g -O2  conftest.c >&5
configure:6677: $? = 0
configure:6677: result: yes
configure:6677: checking for stdlib.h
configure:6677: gcc -c -g -O2  conftest.c >&5
configure:6677: $? = 0
configure:6677: result: yes
configure:6677: checking for string.h
configure:6677: gcc -c -g -O2  conftest.c >&5
configure:6677: $? = 0
configure:6677: result: yes
configure:6677: checking for memory.h
configure:6677: gcc -c -g -O2  conftest.c >&5
configure:6677: $? = 0
configure:6677: result: yes
configure:6677: checking for strings.h
configure:6677: gcc -c -g -O2  conftest.c >&5
configure:6677: $? = 0
configure:6677: result: yes
configure:6677: checking for inttypes.h
configure:6677: gcc -c -g -O2  conftest.c >&5
configure:6677: $? = 0
configure:6677: result: yes
configure:6677: checking for stdint.h
configure:6677: gcc -c -g -O2  conftest.c >&5
configure:6677: $? = 0
configure:6677: result: yes
configure:6677: checking for unistd.h
configure:6677: gcc -c -g -O2  conftest.c >&5
configure:6677: $? = 0
configure:6677: result: yes
configure:6691: checking for dlfcn.h
configure:6691: gcc -c -g -O2  conftest.c >&5
configure:6691: $? = 0
configure:6691: result: yes
configure:6875: checking for objdir
configure:6890: result: .libs
configure:7182: checking if gcc supports -fno-rtti -fno-exceptions
configure:7200: gcc -c -g -O2  -fno-rtti -fno-exceptions conftest.c >&5
cc1: warning: command line option "-fno-rtti" is valid for C++/ObjC++ but not for C
configure:7204: $? = 0
configure:7217: result: no
configure:7237: checking for gcc option to produce PIC
configure:7509: result: -fno-common -DPIC
configure:7521: checking if gcc PIC flag -fno-common -DPIC works
configure:7539: gcc -c -g -O2  -fno-common -DPIC -DPIC conftest.c >&5
configure:7543: $? = 0
configure:7556: result: yes
configure:7580: checking if gcc static flag -static works
configure:7608: result: no
configure:7623: checking if gcc supports -c -o file.o
configure:7644: gcc -c -g -O2  -o out/conftest2.o conftest.c >&5
configure:7648: $? = 0
configure:7670: result: yes
configure:7678: checking if gcc supports -c -o file.o
configure:7725: result: yes
configure:7758: checking whether the gcc linker (/usr/llvm-gcc-4.2/libexec/gcc/i686-apple-darwin11/4.2.1/ld) supports shared libraries
configure:8749: result: yes
configure:8988: checking dynamic linker characteristics
configure:9651: result: darwin11.2.0 dyld
configure:9753: checking how to hardcode library paths into programs
configure:9778: result: immediate
configure:10298: checking whether stripping libraries is possible
configure:10312: result: yes
configure:10338: checking if libtool supports shared libraries
configure:10340: result: yes
configure:10343: checking whether to build shared libraries
configure:10364: result: yes
configure:10367: checking whether to build static libraries
configure:10371: result: yes
configure:10420: checking for int32_t
configure:10420: gcc -c -g -O2  conftest.c >&5
configure:10420: $? = 0
configure:10420: gcc -c -g -O2  conftest.c >&5
conftest.c: In function 'main':
conftest.c:61: warning: integer overflow in expression
conftest.c:61: error: size of array 'test_array' is negative
configure:10420: $? = 1
configure: failed program was:
| /* confdefs.h */
| #define PACKAGE_NAME "jansson"
| #define PACKAGE_TARNAME "jansson"
| #define PACKAGE_VERSION "2.2"
| #define PACKAGE_STRING "jansson 2.2"
| #define PACKAGE_BUGREPORT "petri@digip.org"
| #define PACKAGE_URL ""
| #define PACKAGE "jansson"
| #define VERSION "2.2"
| #define STDC_HEADERS 1
| #define HAVE_SYS_TYPES_H 1
| #define HAVE_SYS_STAT_H 1
| #define HAVE_STDLIB_H 1
| #define HAVE_STRING_H 1
| #define HAVE_MEMORY_H 1
| #define HAVE_STRINGS_H 1
| #define HAVE_INTTYPES_H 1
| #define HAVE_STDINT_H 1
| #define HAVE_UNISTD_H 1
| #define HAVE_DLFCN_H 1
| #define LT_OBJDIR ".libs/"
| /* end confdefs.h.  */
| #include <stdio.h>
| #ifdef HAVE_SYS_TYPES_H
| # include <sys/types.h>
| #endif
| #ifdef HAVE_SYS_STAT_H
| # include <sys/stat.h>
| #endif
| #ifdef STDC_HEADERS
| # include <stdlib.h>
| # include <stddef.h>
| #else
| # ifdef HAVE_STDLIB_H
| #  include <stdlib.h>
| # endif
| #endif
| #ifdef HAVE_STRING_H
| # if !defined STDC_HEADERS && defined HAVE_MEMORY_H
| #  include <memory.h>
| # endif
| # include <string.h>
| #endif
| #ifdef HAVE_STRINGS_H
| # include <strings.h>
| #endif
| #ifdef HAVE_INTTYPES_H
| # include <inttypes.h>
| #endif
| #ifdef HAVE_STDINT_H
| # include <stdint.h>
| #endif
| #ifdef HAVE_UNISTD_H
| # include <unistd.h>
| #endif
| 	        enum { N = 32 / 2 - 1 };
| int
| main ()
| {
| static int test_array [1 - 2 * !((int32_t) (((((int32_t) 1 << N) << N) - 1) * 2 + 1)
| 		 < (int32_t) (((((int32_t) 1 << N) << N) - 1) * 2 + 2))];
| test_array [0] = 0
| 
|   ;
|   return 0;
| }
configure:10420: result: yes
configure:10433: checking for long long int
configure:10470: gcc -o conftest -g -O2   conftest.c  >&5
configure:10470: $? = 0
configure:10500: gcc -o conftest -g -O2   conftest.c  >&5
configure:10500: $? = 0
configure:10500: ./conftest
configure:10500: $? = 0
configure:10515: result: yes
configure:10529: checking for inline
configure:10545: gcc -c -g -O2  conftest.c >&5
configure:10545: $? = 0
configure:10553: result: inline
configure:10705: creating ./config.status

## ---------------------- ##
## Running config.status. ##
## ---------------------- ##

This file was extended by jansson config.status 2.2, which was
generated by GNU Autoconf 2.67.  Invocation command line was

  CONFIG_FILES    = 
  CONFIG_HEADERS  = 
  CONFIG_LINKS    = 
  CONFIG_COMMANDS = 
  $ ./config.status 

on Iann-2.local

config.status:1078: creating jansson.pc
config.status:1078: creating Makefile
config.status:1078: creating doc/Makefile
config.status:1078: creating src/Makefile
config.status:1078: creating src/jansson_config.h
config.status:1078: creating test/Makefile
config.status:1078: creating test/bin/Makefile
config.status:1078: creating test/suites/Makefile
config.status:1078: creating test/suites/api/Makefile
config.status:1078: creating config.h
config.status:1306: executing depfiles commands
config.status:1306: executing libtool commands

## ---------------- ##
## Cache variables. ##
## ---------------- ##

ac_cv_build=x86_64-apple-darwin11.2.0
ac_cv_c_compiler_gnu=yes
ac_cv_c_inline=inline
ac_cv_c_int32_t=yes
ac_cv_env_CC_set=
ac_cv_env_CC_value=
ac_cv_env_CFLAGS_set=
ac_cv_env_CFLAGS_value=
ac_cv_env_CPPFLAGS_set=
ac_cv_env_CPPFLAGS_value=
ac_cv_env_CPP_set=
ac_cv_env_CPP_value=
ac_cv_env_LDFLAGS_set=
ac_cv_env_LDFLAGS_value=
ac_cv_env_LIBS_set=
ac_cv_env_LIBS_value=
ac_cv_env_build_alias_set=
ac_cv_env_build_alias_value=
ac_cv_env_host_alias_set=
ac_cv_env_host_alias_value=
ac_cv_env_target_alias_set=
ac_cv_env_target_alias_value=
ac_cv_header_dlfcn_h=yes
ac_cv_header_inttypes_h=yes
ac_cv_header_memory_h=yes
ac_cv_header_stdc=yes
ac_cv_header_stdint_h=yes
ac_cv_header_stdlib_h=yes
ac_cv_header_string_h=yes
ac_cv_header_strings_h=yes
ac_cv_header_sys_stat_h=yes
ac_cv_header_sys_types_h=yes
ac_cv_header_unistd_h=yes
ac_cv_host=x86_64-apple-darwin11.2.0
ac_cv_objext=o
ac_cv_path_EGREP='/usr/bin/grep -E'
ac_cv_path_FGREP='/usr/bin/grep -F'
ac_cv_path_GREP=/usr/bin/grep
ac_cv_path_SED=/opt/local/bin/gsed
ac_cv_path_install='/usr/bin/install -c'
ac_cv_prog_AWK=gawk
ac_cv_prog_CPP='gcc -E'
ac_cv_prog_ac_ct_AR=ar
ac_cv_prog_ac_ct_CC=gcc
ac_cv_prog_ac_ct_DSYMUTIL=dsymutil
ac_cv_prog_ac_ct_LIPO=lipo
ac_cv_prog_ac_ct_NMEDIT=nmedit
ac_cv_prog_ac_ct_OTOOL=otool
ac_cv_prog_ac_ct_RANLIB=ranlib
ac_cv_prog_ac_ct_STRIP=strip
ac_cv_prog_cc_c89=
ac_cv_prog_cc_g=yes
ac_cv_prog_make_make_set=yes
ac_cv_type_long_long_int=yes
am_cv_CC_dependencies_compiler_type=gcc3
lt_cv_apple_cc_single_mod=yes
lt_cv_deplibs_check_method=pass_all
lt_cv_file_magic_cmd='$MAGIC_CMD'
lt_cv_file_magic_test_file=
lt_cv_ld_exported_symbols_list=yes
lt_cv_ld_reload_flag=-r
lt_cv_nm_interface='BSD nm'
lt_cv_objdir=.libs
lt_cv_path_LD=/usr/llvm-gcc-4.2/libexec/gcc/i686-apple-darwin11/4.2.1/ld
lt_cv_path_NM=/usr/bin/nm
lt_cv_prog_compiler_c_o=yes
lt_cv_prog_compiler_pic_works=yes
lt_cv_prog_compiler_rtti_exceptions=no
lt_cv_prog_compiler_static_works=no
lt_cv_prog_gnu_ld=no
lt_cv_sys_global_symbol_pipe='sed -n -e '\''s/^.*[	 ]\([BCDEGRST][BCDEGRST]*\)[	 ][	 ]*_\([_A-Za-z][_A-Za-z0-9]*\)$/\1 _\2 \2/p'\'''
lt_cv_sys_global_symbol_to_c_name_address='sed -n -e '\''s/^: \([^ ]*\) $/  {\"\1\", (void *) 0},/p'\'' -e '\''s/^[BCDEGRST]* \([^ ]*\) \([^ ]*\)$/  {"\2", (void *) \&\2},/p'\'''
lt_cv_sys_global_symbol_to_c_name_address_lib_prefix='sed -n -e '\''s/^: \([^ ]*\) $/  {\"\1\", (void *) 0},/p'\'' -e '\''s/^[BCDEGRST]* \([^ ]*\) \(lib[^ ]*\)$/  {"\2", (void *) \&\2},/p'\'' -e '\''s/^[BCDEGRST]* \([^ ]*\) \([^ ]*\)$/  {"lib\2", (void *) \&\2},/p'\'''
lt_cv_sys_global_symbol_to_cdecl='sed -n -e '\''s/^T .* \(.*\)$/extern int \1();/p'\'' -e '\''s/^[BCDEGRST]* .* \(.*\)$/extern char \1;/p'\'''
lt_cv_sys_max_cmd_len=196608

## ----------------- ##
## Output variables. ##
## ----------------- ##

ACLOCAL='${SHELL} /Users/ivonascimento/Projeto/githubit/src/jansson-2.2/missing --run aclocal-1.11'
AMDEPBACKSLASH='\'
AMDEP_FALSE='#'
AMDEP_TRUE=''
AMTAR='${SHELL} /Users/ivonascimento/Projeto/githubit/src/jansson-2.2/missing --run tar'
AR='ar'
AUTOCONF='${SHELL} /Users/ivonascimento/Projeto/githubit/src/jansson-2.2/missing --run autoconf'
AUTOHEADER='${SHELL} /Users/ivonascimento/Projeto/githubit/src/jansson-2.2/missing --run autoheader'
AUTOMAKE='${SHELL} /Users/ivonascimento/Projeto/githubit/src/jansson-2.2/missing --run automake-1.11'
AWK='gawk'
CC='gcc'
CCDEPMODE='depmode=gcc3'
CFLAGS='-g -O2'
CPP='gcc -E'
CPPFLAGS=''
CYGPATH_W='echo'
DEFS='-DHAVE_CONFIG_H'
DEPDIR='.deps'
DSYMUTIL='dsymutil'
DUMPBIN=''
ECHO_C='\c'
ECHO_N=''
ECHO_T=''
EGREP='/usr/bin/grep -E'
EXEEXT=''
FGREP='/usr/bin/grep -F'
GCC_FALSE='#'
GCC_TRUE=''
GREP='/usr/bin/grep'
INSTALL_DATA='${INSTALL} -m 644'
INSTALL_PROGRAM='${INSTALL}'
INSTALL_SCRIPT='${INSTALL}'
INSTALL_STRIP_PROGRAM='$(install_sh) -c -s'
LD='/usr/llvm-gcc-4.2/libexec/gcc/i686-apple-darwin11/4.2.1/ld'
LDFLAGS=''
LIBOBJS=''
LIBS=''
LIBTOOL='$(SHELL) $(top_builddir)/libtool'
LIPO='lipo'
LN_S='ln -s'
LTLIBOBJS=''
MAKEINFO='${SHELL} /Users/ivonascimento/Projeto/githubit/src/jansson-2.2/missing --run makeinfo'
MKDIR_P='./install-sh -c -d'
NM='/usr/bin/nm'
NMEDIT='nmedit'
OBJDUMP='false'
OBJEXT='o'
OTOOL64=':'
OTOOL='otool'
PACKAGE='jansson'
PACKAGE_BUGREPORT='petri@digip.org'
PACKAGE_NAME='jansson'
PACKAGE_STRING='jansson 2.2'
PACKAGE_TARNAME='jansson'
PACKAGE_URL=''
PACKAGE_VERSION='2.2'
PATH_SEPARATOR=':'
RANLIB='ranlib'
SED='/opt/local/bin/gsed'
SET_MAKE=''
SHELL='/bin/sh'
STRIP='strip'
VERSION='2.2'
ac_ct_CC='gcc'
ac_ct_DUMPBIN=''
am__EXEEXT_FALSE=''
am__EXEEXT_TRUE='#'
am__fastdepCC_FALSE='#'
am__fastdepCC_TRUE=''
am__include='include'
am__isrc=''
am__leading_dot='.'
am__quote=''
am__tar='${AMTAR} chof - "$$tardir"'
am__untar='${AMTAR} xf -'
bindir='${exec_prefix}/bin'
build='x86_64-apple-darwin11.2.0'
build_alias=''
build_cpu='x86_64'
build_os='darwin11.2.0'
build_vendor='apple'
datadir='${datarootdir}'
datarootdir='${prefix}/share'
docdir='${datarootdir}/doc/${PACKAGE_TARNAME}'
dvidir='${docdir}'
exec_prefix='${prefix}'
host='x86_64-apple-darwin11.2.0'
host_alias=''
host_cpu='x86_64'
host_os='darwin11.2.0'
host_vendor='apple'
htmldir='${docdir}'
includedir='${prefix}/include'
infodir='${datarootdir}/info'
install_sh='${SHELL} /Users/ivonascimento/Projeto/githubit/src/jansson-2.2/install-sh'
json_have_long_long='1'
json_inline='inline'
libdir='${exec_prefix}/lib'
libexecdir='${exec_prefix}/libexec'
localedir='${datarootdir}/locale'
localstatedir='${prefix}/var'
lt_ECHO='/bin/echo'
mandir='${datarootdir}/man'
mkdir_p='$(top_builddir)/./install-sh -c -d'
oldincludedir='/usr/include'
pdfdir='${docdir}'
prefix='/usr/local'
program_transform_name='s,x,x,'
psdir='${docdir}'
sbindir='${exec_prefix}/sbin'
sharedstatedir='${prefix}/com'
sysconfdir='${prefix}/etc'
target_alias=''

## ----------- ##
## confdefs.h. ##
## ----------- ##

/* confdefs.h */
#define PACKAGE_NAME "jansson"
#define PACKAGE_TARNAME "jansson"
#define PACKAGE_VERSION "2.2"
#define PACKAGE_STRING "jansson 2.2"
#define PACKAGE_BUGREPORT "petri@digip.org"
#define PACKAGE_URL ""
#define PACKAGE "jansson"
#define VERSION "2.2"
#define STDC_HEADERS 1
#define HAVE_SYS_TYPES_H 1
#define HAVE_SYS_STAT_H 1
#define HAVE_STDLIB_H 1
#define HAVE_STRING_H 1
#define HAVE_MEMORY_H 1
#define HAVE_STRINGS_H 1
#define HAVE_INTTYPES_H 1
#define HAVE_STDINT_H 1
#define HAVE_UNISTD_H 1
#define HAVE_DLFCN_H 1
#define LT_OBJDIR ".libs/"
#define HAVE_LONG_LONG_INT 1

configure: exit 0
